# JRE version: Java(TM) SE Runtime Environment (16.0.1+9) (build 16.0.1+9-24)
# Java VM: Java HotSpot(TM) 64-Bit Server VM (16.0.1+9-24, mixed mode, sharing, tiered, compressed oops, compressed class ptrs, g1 gc, linux-amd64)
GC Precious Log:
 CPUs: 4 total, 4 available
 Memory: 3806M
 Large Page Support: Disabled
 NUMA Support: Disabled
 Compressed Oops: Enabled (32-bit)
 Heap Region Size: 1M
 Heap Min Capacity: 8M
 Heap Initial Capacity: 60M
 Heap Max Capacity: 512M
 Pre-touch: Disabled
 Parallel Workers: 4
 Concurrent Workers: 1
 Concurrent Refinement Workers: 4
 Periodic GC: Disabled
Heap:
 garbage-first heap   total 30720K, used 16037K [0x00000000e0000000, 0x0000000100000000)
  region size 1024K, 3 young (3072K), 1 survivors (1024K)
 Metaspace       used 23874K, committed 24128K, reserved 1073152K
  class space    used 2933K, committed 3072K, reserved 1048576K
GC Heap History (18 events):
Event: 1.288 GC heap before
{Heap before GC invocations=0 (full 0):
 garbage-first heap   total 63488K, used 13272K [0x00000000e0000000, 0x0000000100000000)
  region size 1024K, 13 young (13312K), 0 survivors (0K)
 Metaspace       used 6914K, committed 7104K, reserved 1056768K
  class space    used 684K, committed 768K, reserved 1048576K
}
Event: 1.298 GC heap after
{Heap after GC invocations=1 (full 0):
 garbage-first heap   total 63488K, used 4383K [0x00000000e0000000, 0x0000000100000000)
  region size 1024K, 2 young (2048K), 2 survivors (2048K)
 Metaspace       used 6914K, committed 7104K, reserved 1056768K
  class space    used 684K, committed 768K, reserved 1048576K
}
Event: 3.672 GC heap before
{Heap before GC invocations=1 (full 0):
 garbage-first heap   total 63488K, used 16671K [0x00000000e0000000, 0x0000000100000000)
  region size 1024K, 16 young (16384K), 2 survivors (2048K)
 Metaspace       used 12648K, committed 12864K, reserved 1064960K
  class space    used 1341K, committed 1472K, reserved 1048576K
}
Event: 3.695 GC heap after
{Heap after GC invocations=2 (full 1):
 garbage-first heap   total 27648K, used 6061K [0x00000000e0000000, 0x0000000100000000)
  region size 1024K, 0 young (0K), 0 survivors (0K)
 Metaspace       used 12648K, committed 12864K, reserved 1064960K
  class space    used 1341K, committed 1472K, reserved 1048576K
}
Event: 4.066 GC heap before
{Heap before GC invocations=2 (full 1):
 garbage-first heap   total 27648K, used 10157K [0x00000000e0000000, 0x0000000100000000)
  region size 1024K, 5 young (5120K), 0 survivors (0K)
 Metaspace       used 14365K, committed 14528K, reserved 1064960K
  class space    used 1596K, committed 1664K, reserved 1048576K
}
Event: 4.075 GC heap after
{Heap after GC invocations=3 (full 1):
 garbage-first heap   total 27648K, used 6769K [0x00000000e0000000, 0x0000000100000000)
  region size 1024K, 1 young (1024K), 1 survivors (1024K)
 Metaspace       used 14365K, committed 14528K, reserved 1064960K
  class space    used 1596K, committed 1664K, reserved 1048576K
}
Event: 4.401 GC heap before
{Heap before GC invocations=3 (full 1):
 garbage-first heap   total 27648K, used 12913K [0x00000000e0000000, 0x0000000100000000)
  region size 1024K, 7 young (7168K), 1 survivors (1024K)
 Metaspace       used 15807K, committed 16064K, reserved 1064960K
  class space    used 1804K, committed 1920K, reserved 1048576K
}
Event: 4.407 GC heap after
{Heap after GC invocations=4 (full 1):
 garbage-first heap   total 27648K, used 8151K [0x00000000e0000000, 0x0000000100000000)
  region size 1024K, 1 young (1024K), 1 survivors (1024K)
 Metaspace       used 15807K, committed 16064K, reserved 1064960K
  class space    used 1804K, committed 1920K, reserved 1048576K
}
Event: 4.632 GC heap before
{Heap before GC invocations=4 (full 1):
 garbage-first heap   total 27648K, used 13271K [0x00000000e0000000, 0x0000000100000000)
  region size 1024K, 7 young (7168K), 1 survivors (1024K)
 Metaspace       used 17726K, committed 17984K, reserved 1064960K
  class space    used 2123K, committed 2240K, reserved 1048576K
}
Event: 4.637 GC heap after
{Heap after GC invocations=5 (full 1):
 garbage-first heap   total 27648K, used 8727K [0x00000000e0000000, 0x0000000100000000)
  region size 1024K, 1 young (1024K), 1 survivors (1024K)
 Metaspace       used 17726K, committed 17984K, reserved 1064960K
  class space    used 2123K, committed 2240K, reserved 1048576K
}
Event: 4.902 GC heap before
{Heap before GC invocations=5 (full 1):
 garbage-first heap   total 27648K, used 14871K [0x00000000e0000000, 0x0000000100000000)
  region size 1024K, 7 young (7168K), 1 survivors (1024K)
 Metaspace       used 19679K, committed 19968K, reserved 1073152K
  class space    used 2459K, committed 2624K, reserved 1048576K
}
Event: 4.903 GC heap after
{Heap after GC invocations=6 (full 1):
 garbage-first heap   total 27648K, used 9443K [0x00000000e0000000, 0x0000000100000000)
  region size 1024K, 1 young (1024K), 1 survivors (1024K)
 Metaspace       used 19679K, committed 19968K, reserved 1073152K
  class space    used 2459K, committed 2624K, reserved 1048576K
}
Event: 5.107 GC heap before
{Heap before GC invocations=6 (full 1):
 garbage-first heap   total 27648K, used 14563K [0x00000000e0000000, 0x0000000100000000)
  region size 1024K, 6 young (6144K), 1 survivors (1024K)
 Metaspace       used 20983K, committed 21248K, reserved 1073152K
  class space    used 2613K, committed 2752K, reserved 1048576K
}
Event: 5.111 GC heap after
{Heap after GC invocations=7 (full 1):
 garbage-first heap   total 27648K, used 12055K [0x00000000e0000000, 0x0000000100000000)
  region size 1024K, 1 young (1024K), 1 survivors (1024K)
 Metaspace       used 20983K, committed 21248K, reserved 1073152K
  class space    used 2613K, committed 2752K, reserved 1048576K
}
Event: 92.535 GC heap before
{Heap before GC invocations=8 (full 1):
 garbage-first heap   total 30720K, used 18199K [0x00000000e0000000, 0x0000000100000000)
  region size 1024K, 6 young (6144K), 1 survivors (1024K)
 Metaspace       used 22465K, committed 22720K, reserved 1073152K
  class space    used 2842K, committed 2944K, reserved 1048576K
}
Event: 92.540 GC heap after
{Heap after GC invocations=9 (full 1):
 garbage-first heap   total 30720K, used 14635K [0x00000000e0000000, 0x0000000100000000)
  region size 1024K, 1 young (1024K), 1 survivors (1024K)
 Metaspace       used 22465K, committed 22720K, reserved 1073152K
  class space    used 2842K, committed 2944K, reserved 1048576K
}
Event: 183.660 GC heap before
{Heap before GC invocations=9 (full 1):
 garbage-first heap   total 30720K, used 20779K [0x00000000e0000000, 0x0000000100000000)
  region size 1024K, 7 young (7168K), 1 survivors (1024K)
 Metaspace       used 23745K, committed 24064K, reserved 1073152K
  class space    used 2933K, committed 3072K, reserved 1048576K
}
Event: 183.669 GC heap after
{Heap after GC invocations=10 (full 1):
 garbage-first heap   total 30720K, used 15013K [0x00000000e0000000, 0x0000000100000000)
  region size 1024K, 1 young (1024K), 1 survivors (1024K)
 Metaspace       used 23745K, committed 24064K, reserved 1073152K
  class space    used 2933K, committed 3072K, reserved 1048576K
}

