# JRE version: Java(TM) SE Runtime Environment (16.0.1+9) (build 16.0.1+9-24)
# Java VM: Java HotSpot(TM) 64-Bit Server VM (16.0.1+9-24, mixed mode, sharing, tiered, compressed oops, compressed class ptrs, g1 gc, linux-amd64)
GC Precious Log:
 CPUs: 4 total, 4 available
 Memory: 3806M
 Large Page Support: Disabled
 NUMA Support: Disabled
 Compressed Oops: Enabled (32-bit)
 Heap Region Size: 1M
 Heap Min Capacity: 8M
 Heap Initial Capacity: 60M
 Heap Max Capacity: 512M
 Pre-touch: Disabled
 Parallel Workers: 4
 Concurrent Workers: 1
 Concurrent Refinement Workers: 4
 Periodic GC: Disabled
Heap:
 garbage-first heap   total 51200K, used 19345K [0x00000000e0000000, 0x0000000100000000)
  region size 1024K, 8 young (8192K), 2 survivors (2048K)
 Metaspace       used 23167K, committed 23424K, reserved 1073152K
  class space    used 2918K, committed 3072K, reserved 1048576K
GC Heap History (16 events):
Event: 2.307 GC heap before
{Heap before GC invocations=0 (full 0):
 garbage-first heap   total 63488K, used 13272K [0x00000000e0000000, 0x0000000100000000)
  region size 1024K, 13 young (13312K), 0 survivors (0K)
 Metaspace       used 4549K, committed 4672K, reserved 1056768K
  class space    used 393K, committed 448K, reserved 1048576K
}
Event: 2.313 GC heap after
{Heap after GC invocations=1 (full 0):
 garbage-first heap   total 63488K, used 3590K [0x00000000e0000000, 0x0000000100000000)
  region size 1024K, 2 young (2048K), 2 survivors (2048K)
 Metaspace       used 4549K, committed 4672K, reserved 1056768K
  class space    used 393K, committed 448K, reserved 1048576K
}
Event: 4.005 GC heap before
{Heap before GC invocations=1 (full 0):
 garbage-first heap   total 63488K, used 23046K [0x00000000e0000000, 0x0000000100000000)
  region size 1024K, 22 young (22528K), 2 survivors (2048K)
 Metaspace       used 11707K, committed 11968K, reserved 1064960K
  class space    used 1205K, committed 1344K, reserved 1048576K
}
Event: 4.016 GC heap after
{Heap after GC invocations=2 (full 0):
 garbage-first heap   total 63488K, used 6269K [0x00000000e0000000, 0x0000000100000000)
  region size 1024K, 3 young (3072K), 3 survivors (3072K)
 Metaspace       used 11707K, committed 11968K, reserved 1064960K
  class space    used 1205K, committed 1344K, reserved 1048576K
}
Event: 4.088 GC heap before
{Heap before GC invocations=2 (full 0):
 garbage-first heap   total 63488K, used 10365K [0x00000000e0000000, 0x0000000100000000)
  region size 1024K, 8 young (8192K), 3 survivors (3072K)
 Metaspace       used 13120K, committed 13312K, reserved 1064960K
  class space    used 1377K, committed 1472K, reserved 1048576K
}
Event: 4.106 GC heap after
{Heap after GC invocations=3 (full 1):
 garbage-first heap   total 30720K, used 5832K [0x00000000e0000000, 0x0000000100000000)
  region size 1024K, 0 young (0K), 0 survivors (0K)
 Metaspace       used 13120K, committed 13312K, reserved 1064960K
  class space    used 1377K, committed 1472K, reserved 1048576K
}
Event: 4.324 GC heap before
{Heap before GC invocations=3 (full 1):
 garbage-first heap   total 30720K, used 15048K [0x00000000e0000000, 0x0000000100000000)
  region size 1024K, 10 young (10240K), 0 survivors (0K)
 Metaspace       used 15177K, committed 15360K, reserved 1064960K
  class space    used 1690K, committed 1792K, reserved 1048576K
}
Event: 4.327 GC heap after
{Heap after GC invocations=4 (full 1):
 garbage-first heap   total 30720K, used 7282K [0x00000000e0000000, 0x0000000100000000)
  region size 1024K, 2 young (2048K), 2 survivors (2048K)
 Metaspace       used 15177K, committed 15360K, reserved 1064960K
  class space    used 1690K, committed 1792K, reserved 1048576K
}
Event: 4.542 GC heap before
{Heap before GC invocations=4 (full 1):
 garbage-first heap   total 30720K, used 15474K [0x00000000e0000000, 0x0000000100000000)
  region size 1024K, 11 young (11264K), 2 survivors (2048K)
 Metaspace       used 17375K, committed 17600K, reserved 1064960K
  class space    used 2072K, committed 2176K, reserved 1048576K
}
Event: 4.546 GC heap after
{Heap after GC invocations=5 (full 1):
 garbage-first heap   total 30720K, used 8314K [0x00000000e0000000, 0x0000000100000000)
  region size 1024K, 2 young (2048K), 2 survivors (2048K)
 Metaspace       used 17375K, committed 17600K, reserved 1064960K
  class space    used 2072K, committed 2176K, reserved 1048576K
}
Event: 4.794 GC heap before
{Heap before GC invocations=5 (full 1):
 garbage-first heap   total 30720K, used 15482K [0x00000000e0000000, 0x0000000100000000)
  region size 1024K, 10 young (10240K), 2 survivors (2048K)
 Metaspace       used 19885K, committed 20224K, reserved 1073152K
  class space    used 2464K, committed 2624K, reserved 1048576K
}
Event: 4.797 GC heap after
{Heap after GC invocations=6 (full 1):
 garbage-first heap   total 30720K, used 9389K [0x00000000e0000000, 0x0000000100000000)
  region size 1024K, 1 young (1024K), 1 survivors (1024K)
 Metaspace       used 19885K, committed 20224K, reserved 1073152K
  class space    used 2464K, committed 2624K, reserved 1048576K
}
Event: 5.002 GC heap before
{Heap before GC invocations=6 (full 1):
 garbage-first heap   total 30720K, used 16557K [0x00000000e0000000, 0x0000000100000000)
  region size 1024K, 7 young (7168K), 1 survivors (1024K)
 Metaspace       used 21181K, committed 21504K, reserved 1073152K
  class space    used 2616K, committed 2752K, reserved 1048576K
}
Event: 5.005 GC heap after
{Heap after GC invocations=7 (full 1):
 garbage-first heap   total 51200K, used 11860K [0x00000000e0000000, 0x0000000100000000)
  region size 1024K, 2 young (2048K), 2 survivors (2048K)
 Metaspace       used 21181K, committed 21504K, reserved 1073152K
  class space    used 2616K, committed 2752K, reserved 1048576K
}
Event: 87.977 GC heap before
{Heap before GC invocations=7 (full 1):
 garbage-first heap   total 51200K, used 15956K [0x00000000e0000000, 0x0000000100000000)
  region size 1024K, 5 young (5120K), 2 survivors (2048K)
 Metaspace       used 21965K, committed 22208K, reserved 1073152K
  class space    used 2734K, committed 2880K, reserved 1048576K
}
Event: 87.980 GC heap after
{Heap after GC invocations=8 (full 1):
 garbage-first heap   total 51200K, used 14225K [0x00000000e0000000, 0x0000000100000000)
  region size 1024K, 2 young (2048K), 2 survivors (2048K)
 Metaspace       used 21965K, committed 22208K, reserved 1073152K
  class space    used 2734K, committed 2880K, reserved 1048576K
}

